0 info it worked if it ends with ok
1 verbose cli [ 'C:\\Users\\Harry\\Programs\\node\\node.exe',
1 verbose cli   'C:\\Users\\Harry\\Programs\\node\\node_modules\\npm\\bin\\npm-cli.js',
1 verbose cli   'version',
1 verbose cli   'patch' ]
2 info using npm@1.4.9
3 info using node@v4.1.1
4 error Error: Git working directory not clean.
4 error D bin/space-quotes.js
4 error M package.json
4 error     at C:\Users\Harry\Programs\node\node_modules\npm\lib\version.js:98:35
4 error     at ChildProcess.exithandler (child_process.js:194:7)
4 error     at emitTwo (events.js:87:13)
4 error     at ChildProcess.emit (events.js:172:7)
4 error     at maybeClose (internal/child_process.js:817:16)
4 error     at Socket.<anonymous> (internal/child_process.js:319:11)
4 error     at emitOne (events.js:77:13)
4 error     at Socket.emit (events.js:169:7)
4 error     at Pipe._onclose (net.js:469:12)
5 error If you need help, you may report this *entire* log,
5 error including the npm and node versions, at:
5 error     <http://github.com/npm/npm/issues>
6 error System Windows_NT 6.1.7601
7 error command "C:\\Users\\Harry\\Programs\\node\\node.exe" "C:\\Users\\Harry\\Programs\\node\\node_modules\\npm\\bin\\npm-cli.js" "version" "patch"
8 error cwd C:\Users\Harry\code\node\space-quotes
9 error node -v v4.1.1
10 error npm -v 1.4.9
11 verbose exit [ 1, true ]
